<?xml version="1.0" encoding="UTF-8"?>
<testsuite xmlns:xsi="http://www.w3.org/2001/XMLSchema-instance" xsi:noNamespaceSchemaLocation="https://maven.apache.org/surefire/maven-surefire-plugin/xsd/surefire-test-report.xsd" name="ru.mike.diploma.service.MenuServiceTest" time="9.28" tests="5" errors="0" skipped="0" failures="0">
  <properties>
[...]
</properties>
  <testcase name="addMenu" classname="ru.mike.diploma.service.MenuServiceTest" time="0.759"/>
  <testcase name="getById" classname="ru.mike.diploma.service.MenuServiceTest" time="0.195"/>
  <testcase name="getAllMenu" classname="ru.mike.diploma.service.MenuServiceTest" time="0.211"/>
  <testcase name="getAllMenuDateandRestID" classname="ru.mike.diploma.service.MenuServiceTest" time="0.521"/>
  <testcase name="deleteMenu" classname="ru.mike.diploma.service.MenuServiceTest" time="0.303"/>
</testsuite>